============================
Start Check defaults (log file: Defaults.log)
----------------------------
[WARN]: no default CommanderAbility0
[WARN]: no default CommanderAbility1
[WARN]: no default CommanderAbility2
[WARN]: no default CommanderAbility3
[WARN]: no default ACAlarakPhasingMode/WarpPrismTaldarim
[WARN]: no default ACAlarakTransportMode/WarpPrismTaldarim
[WARN]: no default AbathurDeepTunnel
[WARN]: no default AbathurDeepTunnel/SwarmHostSplitB
[WARN]: no default AbathurDeepTunnel/SwarmHostSplitBBurrowed
[WARN]: no default AbathurDeepTunnel/SwarmHostSplitBRooted
[WARN]: no default ActivateIbikisCannon/PlanetaryFortress
[WARN]: no default AdvancedConstructionAuto/SCV
[WARN]: no default Aggressive/LurkerMPBurrowed
[WARN]: no default AlarakDeadlyCharge
[WARN]: no default AlarakDeadlyCharge/AlarakCoop
[WARN]: no default AlarakDeadlyCharge/AlarakReviveBeacon
[WARN]: no default AlarakMothershipMassTeleport/SOAMothershipv4
[WARN]: no default ApocaliskBurrowCharge/StukovApocalisk
[WARN]: no default Apocalypse/K5Kerrigan
[WARN]: no default ApolloCloakOnNova/NovaHero
[WARN]: no default ArchonHallucination/Nexus
[WARN]: no default ArchonHallucination/Voranor
[WARN]: no default ArmoryMengsk/SCVMengsk
[WARN]: no default ArtilleryMengsk/SCVMengsk
[WARN]: no default ArtilleryMengsk/TrooperMengsk
[WARN]: no default ArtilleryMengskBombardment/ArtilleryMengsk
[WARN]: no default ArtilleryMengskRangeResearch/EngineeringBayMengsk
[WARN]: no default ArtilleryMengskUnloadAll
[WARN]: no default AssaultModeMengsk/VikingMengskFighter
[WARN]: no default Assimilator/Harvester
[WARN]: no default AttackChampions
[WARN]: no default AutoTurret/Raven_BlackOps
[WARN]: no default Baneling/Zergling2
[WARN]: no default BanelingNestStetmann/Drone
[WARN]: no default BanelingNestStetmann/DroneStetmann
[WARN]: no default BanelingStetmann/ZerglingStetmann
[WARN]: no default BanelingStetmannMovementSpeed/BanelingStetmann
[WARN]: no default Banshee_BlackOpsAirstrike/Banshee_BlackOps
[WARN]: no default BarracksMengsk/SCVMengsk
[WARN]: no default BatteryOvercharge/Nexus
[WARN]: no default Battlecruiser/HHStarport
[WARN]: no default BattlecruiserMengsk/StarportMengsk
[WARN]: no default BattlecruiserMengskHyperjump/BattlecruiserMengsk
[WARN]: no default BioMechanicalHeal/HealingDrone
[WARN]: no default Blink/ZeratulDarkTemplar
[WARN]: no default Blink/ZeratulStalker
[WARN]: no default BroodLordStetmann/CorruptorStetmann
[WARN]: no default BroodLordStetmannBombers/BroodLordStetmann
[WARN]: no default BroodLordStetmannBombersLearn/GreaterSpireStetmann
[WARN]: no default BroodLordStetmannBombersLearn/SpireStetmann
[WARN]: no default BroodLordStetmannBroodlings/BroodLordStetmann
[WARN]: no default BroodLordStetmannYamatoCannon
[WARN]: no default BrutaliskDeepTunnel/RavagerAbathur
[WARN]: no default BrutaliskDeepTunnel/Roach
[WARN]: no default BrutaliskDeepTunnel/RoachBurrowed
[WARN]: no default BrutaliskDeepTunnel/RoachVile
[WARN]: no default BrutaliskDeepTunnel/RoachVileBurrowed
[WARN]: no default BuildCreepTumor/Queen2
[WARN]: no default BuildDehakaExtractor/DehakaHatchery
[WARN]: no default BuildHHBomberPlatform/HHSCV
[WARN]: no default BuildHHMercStarport/HHSCV
[WARN]: no default BuildHHTechLabStarport/HHStarportFlying
[WARN]: no default BuildHHTechLabStarport/StarportFlying
[WARN]: no default BuildHealingDrone/Raven
[WARN]: no default BuildRailGunTurret/Raven
[WARN]: no default BuildSITechLabFactory/SIFactoryFlying
[WARN]: no default BuildSITechLabStarport/SIStarportFlying
[WARN]: no default BuildScarab/Reaver
[WARN]: no default BuildTechLabStarport/StarportMengskFlying
[WARN]: no default BuildTychusBar/TychusSCV
[WARN]: no default BuildTychusMedivacPlatform/TychusSCV
[WARN]: no default BunkerDepotMengskLoad
[WARN]: no default BunkerDepotMengskRangeResearch/EngineeringBayMengsk
[WARN]: no default BunkerMengsk/SCVMengsk
[WARN]: no default BunkerMengsk/TrooperMengsk
[WARN]: no default BunkerMengskSalvage/BunkerDepotMengsk
[WARN]: no default BurrowChargeMP/Ultralisk
[WARN]: no default BurrowHydraliskImpalerDown
[WARN]: no default BurrowHydraliskImpalerUp
[WARN]: no default BurrowHydraliskLurkerDown
[WARN]: no default BurrowHydraliskLurkerUp
[WARN]: no default CancelCocoon
[WARN]: no default CancelMutateMorph
[WARN]: no default CancelUpgradeMorph
[WARN]: no default CausticSprayStetmann/CorruptorStetmann
[WARN]: no default Charge/Khraxus
[WARN]: no default Charge/Orthos
[WARN]: no default Charge/Voranor
[WARN]: no default Charge/ZealotDark
[WARN]: no default ChronoBoostEnergyCost/Nexus
[WARN]: no default ClassicQueen/Hatchery
[WARN]: no default ClassicQueen/Hive
[WARN]: no default ClassicQueen/Lair
[WARN]: no default ColossusHallucination/Nexus
[WARN]: no default ColossusHallucination/Voranor
[WARN]: no default CommandCenter/HHSCV
[WARN]: no default CommandCenterMengsk/SCVMengsk
[WARN]: no default CommanderPrestigeDehakaPackLeadersRetreat/DehakaDakrun
[WARN]: no default CommanderPrestigeDehakaPackLeadersRetreat/DehakaGlevig
[WARN]: no default CommanderPrestigeDehakaPackLeadersRetreat/DehakaMurvar
[WARN]: no default CommanderPrestigeZagaraZagaraDeepTunnel/ZagaraVoidCoop
[WARN]: no default CoopMurvarSpawnCreepers/DehakaMurvar
[WARN]: no default CorruptorStetmann/LarvaStetmann
[WARN]: no default CorruptorStetmannRespawn/GreaterSpireStetmann
[WARN]: no default CorruptorStetmannRespawn/SpireStetmann
[WARN]: no default CreepTumor/Queen
[WARN]: no default CyberneticsCore/Harvester
[WARN]: no default DOMGhostPersonalDefensiveMatrix/Ghost
[WARN]: no default DakrunCrashingCharge/DehakaDakrun
[WARN]: no default DarkShrine/Harvester
[WARN]: no default DarkSwarm/Infestor
[WARN]: no default DefensiveMatrixTarget/NovaDefensiveMatrixDrone
[WARN]: no default DehakaAirAttack/DehakaCoop
[WARN]: no default DehakaAirAttackUpgrade/DehakaCoop
[WARN]: no default DehakaBarracks/DehakaDrone
[WARN]: no default DehakaBuild/DehakaDrone
[WARN]: no default DehakaConsume/DehakaCoop
[WARN]: no default DehakaConsume/DehakaCoopClone
[WARN]: no default DehakaDakrunStructure/DehakaDrone
[WARN]: no default DehakaDeepTunnel/DehakaCoop
[WARN]: no default DehakaDeepTunnel/DehakaCoopClone
[WARN]: no default DehakaDetector/DehakaCoop
[WARN]: no default DehakaDrone/DehakaHatchery
[WARN]: no default DehakaGlevigRoachFireBreath/DehakaGlevigStructure
[WARN]: no default DehakaGlevigStructure/DehakaDrone
[WARN]: no default DehakaGuardianMineCharge/DehakaGuardian
[WARN]: no default DehakaHatchery/DehakaDrone
[WARN]: no default DehakaHydralisk/DehakaBarracks
[WARN]: no default DehakaHydraliskImpalerMerge/DehakaHydraliskLevel2
[WARN]: no default DehakaHydraliskToMutalisk/DehakaHydraliskLevel2
[WARN]: no default DehakaIntimidatingRoar/DehakaCoop
[WARN]: no default DehakaIntimidatingRoar/DehakaCoopClone
[WARN]: no default DehakaLeapStomp/DehakaCoop
[WARN]: no default DehakaLeapStomp/DehakaCoopClone
[WARN]: no default DehakaLearnAbilities/DehakaCoop
[WARN]: no default DehakaLearnAbilities/DehakaCoopClone
[WARN]: no default DehakaLearnPrimalArmorLevel1/DehakaHatchery
[WARN]: no default DehakaLearnPrimalWeaponsLevel1/DehakaHatchery
[WARN]: no default DehakaMendingAura/DehakaCoop
[WARN]: no default DehakaMurvarCreeperAir/DehakaMurvarStructure
[WARN]: no default DehakaMurvarStructure/DehakaDrone
[WARN]: no default DehakaNydusDestroyer/DehakaDrone
[WARN]: no default DehakaNydusDestroyerTimedNoFoodBeam/DehakaNydusDestroyerTimedNoFood
[WARN]: no default DehakaRavasaurMerge/DehakaZerglingLevel2
[WARN]: no default DehakaRoach/DehakaBarracks
[WARN]: no default DehakaRoachGuardianMerge/DehakaRoachLevel2
[WARN]: no default DehakaRoachLevel2Merge/DehakaRoachLevel2
[WARN]: no default DehakaRoachMoveSpeed/DehakaGlevigStructure
[WARN]: no default DehakaSwarmHost/DehakaBarracks
[WARN]: no default DehakaSwarmHostMerge/DehakaSwarmHost
[WARN]: no default DehakaTyrannozorFanOfKnives/DehakaUltraliskLevel3
[WARN]: no default DehakaUltralisk/DehakaBarracks
[WARN]: no default DehakaUltraliskCrashingCharge/DehakaUltraliskLevel2
[WARN]: no default DehakaUltraliskLevel2Merge/DehakaUltraliskLevel2
[WARN]: no default DehakaZergling/DehakaBarracks
[WARN]: no default DeploySpiderMines/SiegeTank_BlackOps
[WARN]: no default Detonate/SpiderMine
[WARN]: no default DisableBuildingAttack/baneling
[WARN]: no default DisableBuildingAttack/baneling2
[WARN]: no default DownloadBackupPart1/CybrosEscortDownloader
[WARN]: no default DroneStetmann/LarvaStetmann
[WARN]: no default EMP/ScienceVessel
[WARN]: no default EnableBuildingAttack/baneling
[WARN]: no default EnableBuildingAttack/baneling2
[WARN]: no default EngineeringBayMengsk/SCVMengsk
[WARN]: no default EnrageQueen/Queen
[WARN]: no default EntropicBlast/ZeratulXelNagaConstructCyan
[WARN]: no default EvadeObserver/Observer
[WARN]: no default EvolutionChamberStetmann/Drone
[WARN]: no default EvolutionChamberStetmann/DroneStetmann
[WARN]: no default EvolveAdrenalineBoost/EvolutionChamber
[WARN]: no default EvolveBurrowCharge/Hatchery
[WARN]: no default EvolveDiggingClaws/LurkerDenMP
[WARN]: no default EvolvePlaguedMunitions/SIBarracksTechLab
[WARN]: no default EvolveSIDiamondbackImprovedEnsnare/SIFactoryTechLab
[WARN]: no default EvolveSIDiamondbackSnailTrail/SIFactoryTechLab
[WARN]: no default EvolveSIMarineTrooperImprovedRange/SIBarracksTechLab
[WARN]: no default EvolveSeveringGlave/GreaterSpire
[WARN]: no default EvolveSeveringGlave/Spire
[WARN]: no default EvolveStukovInfestedCivilianSpawnBroodlingsOnDeath/SICivilianStructure
[WARN]: no default EvolveStukovInfestedInfestedCivilianLeap/SICivilianStructure
[WARN]: no default Explode/baneling
[WARN]: no default Explode/baneling2
[WARN]: no default ExplodeStetmann/BanelingStetmann
[WARN]: no default ExplodeStetmann/BanelingStetmannBurrowed
[WARN]: no default ExplodeVolatileInfested/SIVolatileInfested
[WARN]: no default ExtractorStetmann/Drone
[WARN]: no default ExtractorStetmann/DroneStetmann
[WARN]: no default FASTOverloadStetmann/PowerTowerStetmann
[WARN]: no default FactoryMengsk/SCVMengsk
[WARN]: no default Feedback/AnAleemController
[WARN]: no default Feedback/Khiradun
[WARN]: no default Feedback/ZeratulSummonKarass
[WARN]: no default FenixArbiterCloakField/FenixArbiter
[WARN]: no default FenixArbiterStasisField/FenixArbiter
[WARN]: no default FenixClolarionBomberDummy/FenixClolarionCarrier
[WARN]: no default FenixClolarionCarrierDownloadUpgrade
[WARN]: no default FenixClolarionInterceptor/FenixClolarionCarrier
[WARN]: no default FenixDragoonChargedBuster/FenixDragoon
[WARN]: no default FenixImmortalResearchDetonationShot/RoboticsBay
[WARN]: no default FenixKaldalisZealotCharge/FenixKaldalisZealot
[WARN]: no default FenixKaldalisZealotDownloadUpgrade
[WARN]: no default FenixMojoMissiles/FenixMojoScout
[WARN]: no default FenixMojoScoutDownloadUpgrade
[WARN]: no default FenixPurificationNova/Disruptor
[WARN]: no default FenixSentryGuardianZone/SentryFenix
[WARN]: no default FenixTaldarinImmortalDownloadUpgrade
[WARN]: no default FenixTalisAdeptBounceShot/FenixTalisAdept
[WARN]: no default FenixTalisAdeptDownloadUpgrade
[WARN]: no default FenixThunderousChargeCoop/FenixCoop
[WARN]: no default FenixWarbringerColossusPowerShot/FenixWarbringerColossus
[WARN]: no default FighterModeMengsk/VikingMengskFighter
[WARN]: no default FleetBeacon/Harvester
[WARN]: no default FleetwideJump/HHRaven
[WARN]: no default FleetwideJump/HHVikingAssault
[WARN]: no default FleetwideJump/HHVikingFighter
[WARN]: no default FleetwideJump/HHWraith
[WARN]: no default FleetwideJump/ScienceVessel
[WARN]: no default ForceField2/Sentry2
[WARN]: no default Forge/Harvester
[WARN]: no default Frostbat/Barracks
[WARN]: no default FusionCore/HHSCV
[WARN]: no default FusionCoreMengsk/SCVMengsk
[WARN]: no default GaryStetmannOrb/GaryStetmann
[WARN]: no default GaryStetmannOrb/SuperGaryStetmann
[WARN]: no default Gateway/Harvester
[WARN]: no default GenerateCreep/OverlordTransport
[WARN]: no default GenerateCreep/SIOverlord
[WARN]: no default GhostAcademyMengsk/SCVMengsk
[WARN]: no default GhostHoldFire/NovaCoop
[WARN]: no default GhostHoldFire/NovaStoneHeroic
[WARN]: no default GhostMengskHoldFire/GhostMengsk
[WARN]: no default GhostMengskSuperCloak/GhostMengsk
[WARN]: no default Glare/Oracle
[WARN]: no default GlevigFirebreath/DehakaGlevig
[WARN]: no default GlevigTunnel/DehakaGlevig
[WARN]: no default GreaterNydusDestroyerDeepTunnel/DehakaNydusDestroyerTimedNoFood
[WARN]: no default GreaterRoachWarren/RoachWarren
[WARN]: no default GreaterSpireStetmann/SpireStetmann
[WARN]: no default Guardian/Mutalisk
[WARN]: no default GuardianShield/Sentry2
[WARN]: no default HHArmory/HHSCV
[WARN]: no default HHBattlecruiserShots/HHBattlecruiser
[WARN]: no default HHBomberAreaBomb/HHBomberPlatform
[WARN]: no default HHHellionTank/HHMercStarportUpgraded
[WARN]: no default HHKD8Charge/HHReaper
[WARN]: no default HHMercCompound/HHSCV
[WARN]: no default HHReaper/HHMercStarportUpgraded
[WARN]: no default HHTechLabStarport/HHStarport
[WARN]: no default HHVikingRockets/HHVikingFighter
[WARN]: no default HHWidowMine/HHMercStarportUpgraded
[WARN]: no default HHYamatoShots/HHBattlecruiser
[WARN]: no default Hallucination/Sentry2
[WARN]: no default Hallucination2/Voranor
[WARN]: no default HatcheryStetmann/Drone
[WARN]: no default HatcheryStetmann/DroneStetmann
[WARN]: no default Heal/Medivac2
[WARN]: no default HealMengsk/MedivacMengsk
[WARN]: no default HellbatJumpJetAssault/HellionBlackOps
[WARN]: no default HellfireThrusters/StarportTechLab
[WARN]: no default HercGrapple/HERC
[WARN]: no default HighTemplarHallucination/Nexus
[WARN]: no default HighTemplarHallucination/Voranor
[WARN]: no default HighTemplarTaldarim
[WARN]: no default HiveStetmann/LairStetmann
[WARN]: no default Hydralisk/LarvaStetmann
[WARN]: no default HydraliskDenStetmann/Drone
[WARN]: no default HydraliskDenStetmann/DroneStetmann
[WARN]: no default HydraliskStetmann/LarvaStetmann
[WARN]: no default HydraliskStetmannMissilePowerOff/HydraliskStetmann
[WARN]: no default HydraliskStetmannMissilePowerOn
[WARN]: no default HydraliskStetmannRespawn/HydraliskDenStetmann
[WARN]: no default HydraliskStetmannRespawn/LurkerDenStetmann
[WARN]: no default Hyperjump/HHBattlecruiser
[WARN]: no default IgniteAfterburner/Medivac
[WARN]: no default IgniteAfterburnersMengsk/MedivacMengsk
[WARN]: no default Immortal
[WARN]: no default Immortal/Gateway
[WARN]: no default Immortal/WarpGate
[WARN]: no default ImmortalHallucination/Nexus
[WARN]: no default ImmortalOverload/FenixTaldarinImmortal
[WARN]: no default ImmortalOverload/ZeratulImmortal
[WARN]: no default ImmortalZeratul/ZeratulRoboticsFacility
[WARN]: no default IncineratorNozzles/DevilDog
[WARN]: no default InfestationPitStetmann/Drone
[WARN]: no default InfestationPitStetmann/DroneStetmann
[WARN]: no default InfestedTerrans/Infestor2
[WARN]: no default InfestorStetmannBonusRavager/InfestationPitStetmann
[WARN]: no default InfestorStetmannEggLaunch/InfestorStetmann
[WARN]: no default InfestorStetmannEggLaunch/InfestorStetmannBurrowed
[WARN]: no default InfestorStetmannInfestBuilding/InfestorStetmann
[WARN]: no default InfestorStetmannInfestBuilding/InfestorStetmannBurrowed
[WARN]: no default InfestorStetmannRecharge/InfestationPitStetmann
[WARN]: no default InfestorStetmannRespawn/InfestationPitStetmann
[WARN]: no default InjectLarva/Queen
[WARN]: no default InstantHunterSeekerMissile/Raven_BlackOps
[WARN]: no default KhalaShockwave/Immortal
[WARN]: no default LairStetmann/HatcheryStetmann
[WARN]: no default LarvaStetmann
[WARN]: no default LaunchNullWard/NullSphere
[WARN]: no default LearnDehakaArmorUpgrade/DehakaCoop
[WARN]: no default LearnDehakaConsume/DehakaCoop
[WARN]: no default LearnDehakaConsume/DehakaCoopClone
[WARN]: no default LearnDehakaDetector/DehakaCoop
[WARN]: no default LearnDehakaDetector/DehakaCoopClone
[WARN]: no default LearnDehakaIntimidatingRoar/DehakaCoop
[WARN]: no default LearnDehakaIntimidatingRoar/DehakaCoopClone
[WARN]: no default LearnDehakaLeapStomp/DehakaCoop
[WARN]: no default LearnDehakaLeapStomp/DehakaCoopClone
[WARN]: no default LearnDehakaMammothBreath/DehakaCoop
[WARN]: no default LearnDehakaMammothBreath/DehakaCoopClone
[WARN]: no default LearnDehakaMendingAura/DehakaCoop
[WARN]: no default LearnDehakaMendingAura/DehakaCoopClone
[WARN]: no default Liberator_BlackOpsMorphtoAA/Liberator_BlackOps
[WARN]: no default Liberator_BlackOpsMorphtoAG/Liberator_BlackOps
[WARN]: no default LoadOutSpray
[WARN]: no default LoadOutSpray@1
[WARN]: no default LoadOutSpray@10
[WARN]: no default LoadOutSpray@11
[WARN]: no default LoadOutSpray@12
[WARN]: no default LoadOutSpray@13
[WARN]: no default LoadOutSpray@14
[WARN]: no default LoadOutSpray@2
[WARN]: no default LoadOutSpray@3
[WARN]: no default LoadOutSpray@4
[WARN]: no default LoadOutSpray@5
[WARN]: no default LoadOutSpray@6
[WARN]: no default LoadOutSpray@7
[WARN]: no default LoadOutSpray@8
[WARN]: no default LoadOutSpray@9
[WARN]: no default LockdownRound/Ghost
[WARN]: no default Lurker/Hydralisk
[WARN]: no default Lurker/HydraliskImpaler
[WARN]: no default LurkerBurrowDown
[WARN]: no default LurkerCancelHoldFire/LurkerMP
[WARN]: no default LurkerDenStetmann/HydraliskDenStetmann
[WARN]: no default LurkerStetmann/HydraliskStetmann
[WARN]: no default LurkerStetmannTunnelingBurst/LurkerStetmann
[WARN]: no default LurkerStetmannTunnelingBurst/LurkerStetmannBurrowed
[WARN]: no default MagrailMunitions/Marauder
[WARN]: no default MagrailMunitions/Marauder_BlackOps
[WARN]: no default MagrailMunitions/Marine
[WARN]: no default MammothBreath/DehakaCoop
[WARN]: no default MammothBreath/DehakaCoopClone
[WARN]: no default MarauderMengskAttackSpeedBoost/MarauderMengsk
[WARN]: no default MarineSuperStimpack/Marine_BlackOps
[WARN]: no default Matrix/Medic
[WARN]: no default MechTransformationSpeedMengsk/ArmoryMengsk
[WARN]: no default MedicHeal/Medivac_BlackOps
[WARN]: no default MedivacMengsk/StarportMengsk
[WARN]: no default MedivacMengskSiegeTankAirliftResearch/ArmoryMengsk
[WARN]: no default MedivacSpeedBoost/Medivac_BlackOps
[WARN]: no default MeliakBlinkBTN/Meliak
[WARN]: no default MengskTrooperArmorLevel1/EngineeringBayMengsk
[WARN]: no default MengskTrooperWeaponsLevel1/EngineeringBayMengsk
[WARN]: no default MissileTurret/HHSCV
[WARN]: no default MissileTurretMengsk/SCVMengsk
[WARN]: no default MissileTurretMengsk/TrooperMengsk
[WARN]: no default MorphMorphalisk/BroodMother
[WARN]: no default MorphMorphalisk/Queen2
[WARN]: no default MorphToHellbatBlackOps/HellionBlackOps
[WARN]: no default MorphToHellion/HHHellionTank
[WARN]: no default MorphToHellion/HellionBlackOps
[WARN]: no default MorphToHellionTank/HHHellion
[WARN]: no default MorphToOverseer/OverlordTransport
[WARN]: no default MorphToOverseer/SIOverlord
[WARN]: no default MorphToOverseerStetmann/OverlordStetmann
[WARN]: no default MorphToSuperGaryStetmann/GaryStetmann
[WARN]: no default MorphtoDefiler/Larva
[WARN]: no default MorphtoHHRaven/HHRaven
[WARN]: no default MorphtoHHRavenSiege/HHRaven
[WARN]: no default MorphtoObserver/ZeratulObserver
[WARN]: no default MorphtoObserverSiege/ZeratulObserver
[WARN]: no default MorphtoRavenMengsk/RavenMengsk
[WARN]: no default MorphtoRavenMengskSieged/RavenMengsk
[WARN]: no default MorphtoRoach/Larva
[WARN]: no default MoveChampions
[WARN]: no default MurvarPukeCoop/DehakaMurvar
[WARN]: no default MutateintoDefilerMound/Drone
[WARN]: no default MutateintoLurkerDen/Drone
[WARN]: no default MutatorWorkerSleep/SISCV
[WARN]: no default NerveJam/ScienceVessel
[WARN]: no default Nexus/Harvester
[WARN]: no default NexusMassRecall/Nexus
[WARN]: no default NexusShieldRecharge/Nexus
[WARN]: no default NovaArmorBlinkSuitBlinkStone/NovaStoneHeroic
[WARN]: no default NovaBoombotBurrow/NovaBoombot
[WARN]: no default NovaDomination/NovaHero
[WARN]: no default NovaStoneDefensiveMatrix/NovaStoneHeroic
[WARN]: no default NovaStoneTargetEMP/NovaStoneHeroic
[WARN]: no default NovaStoneTargetEnemy/NovaStoneHeroic
[WARN]: no default NovaSwitchAssaultMode
[WARN]: no default NovaSwitchAssaultMode/NovaCoop
[WARN]: no default NovaSwitchAssaultMode/NovaReviveBeacon
[WARN]: no default NovaUnitNuke
[WARN]: no default NovaUnitNuke/NovaCoop
[WARN]: no default NovaUnitNuke/NovaReviveBeacon
[WARN]: no default NovaWeaponImprovedCanisterRifleSnipe
[WARN]: no default NovaWeaponImprovedCanisterRifleSnipe/NovaCoop
[WARN]: no default NovaWeaponImprovedCanisterRifleSnipe/NovaReviveBeacon
[WARN]: no default NukeCalldownMengsk/GhostMengsk
[WARN]: no default NurturingSwarm/Queen
[WARN]: no default NydusDestroyerBeam/DehakaNydusDestroyer
[WARN]: no default NydusDestroyerDeepTunnel/DehakaNydusDestroyer
[WARN]: no default OrbitalCommand/CommandCenterMengsk
[WARN]: no default Overcharge/OrbitalCommand
[WARN]: no default Overlord/LarvaStetmann
[WARN]: no default OverlordStetmann/LarvaStetmann
[WARN]: no default Passive
[WARN]: no default PhaseMissile/Scout
[WARN]: no default PhasingMode/WarpPrismTaldarim
[WARN]: no default PhasingMode/ZeratulWarpPrism
[WARN]: no default PhoenixHallucination/Nexus
[WARN]: no default PhotonCannon/Harvester
[WARN]: no default PlaceWard/Oracle
[WARN]: no default Plague/Infestor
[WARN]: no default PointDefenseDrone/Raven_BlackOps
[WARN]: no default PowerFieldSuperGaryStetmannSpeed/SuperGaryStetmann
[WARN]: no default PowerTowerOverchargeStetmannSpeed/GaryStetmann
[WARN]: no default PowerTowerOverchargeStetmannSpeed/SuperGaryStetmann
[WARN]: no default PrimalBuildingRoot/DehakaBarracksUprooted
[WARN]: no default PrimalBuildingRoot/DehakaHatcheryUprooted
[WARN]: no default PrimalBuildingUproot/DehakaBarracks
[WARN]: no default PrimalBuildingUproot/DehakaHatchery
[WARN]: no default PrimalConsume/Infestor
[WARN]: no default PrimalHeal/K5Kerrigan
[WARN]: no default PrimalSlash/K5Kerrigan
[WARN]: no default Probe/KhaydarinNexus
[WARN]: no default ProbeHallucination/Nexus
[WARN]: no default ProbeHallucination/Voranor
[WARN]: no default ProphecyVision/ZeratulCoop
[WARN]: no default ProtossBuild/Harvester
[WARN]: no default ProtossBuildAdvanced/Harvester
[WARN]: no default PsiStorm/AnAleemController
[WARN]: no default PsiStorm/Khiradun
[WARN]: no default PsiStorm/Telios
[WARN]: no default PsiStormTelbrus/ZeratulSummonKarass
[WARN]: no default PsiStrike/K5Kerrigan
[WARN]: no default PsionicBolt/Telios
[WARN]: no default Pylon/Harvester
[WARN]: no default QueenClassicParasite/SIQueen
[WARN]: no default QueenMPSpawnBroodlings/SIQueen
[WARN]: no default QueenStukovSpawnBroodlings/SIQueen
[WARN]: no default RallyEggStetmann
[WARN]: no default RallySCV
[WARN]: no default RallyStetmannBuilding
[WARN]: no default RavagerStetmannCorrosiveBile/RavagerStetmann
[WARN]: no default RavenMengsk/StarportMengsk
[WARN]: no default RavenRepairDrone/Raven
[WARN]: no default RavenScramblerMissile/Raven
[WARN]: no default RavenShredderMissile/Raven
[WARN]: no default Reactor/StarportMengskFlying
[WARN]: no default Recall/Arbiter
[WARN]: no default Refinery/HHSCV
[WARN]: no default RefineryMengsk/SCVMengsk
[WARN]: no default RepairStetmann
[WARN]: no default ResearchAlarakTargetLockBuff/CyberneticsCore
[WARN]: no default ResearchArmorPiercingRockets/FactoryTechLab
[WARN]: no default ResearchAutoCreateInfestedCivilianAmmo/SIFactoryTechLab
[WARN]: no default ResearchBallisticRange/FusionCore
[WARN]: no default ResearchBanelingStetmannManaShieldBonus/BanelingNestStetmann
[WARN]: no default ResearchBanelingStetmannMovementSpeed/BanelingNestStetmann
[WARN]: no default ResearchBarrelStabilizers/BarracksTechLab
[WARN]: no default ResearchCharonBooster/FactoryTechLab
[WARN]: no default ResearchCycloneRapidFireLaunchers/FactoryTechLab
[WARN]: no default ResearchDehakaGuardianExplosiveBomb/DehakaMurvarStructure
[WARN]: no default ResearchDehakaGuardianFury/DehakaMurvarStructure
[WARN]: no default ResearchDehakaHydraliskSpeed/DehakaGlevigStructure
[WARN]: no default ResearchDehakaImpalerTenderize/DehakaGlevigStructure
[WARN]: no default ResearchDehakaMutaliskDamageReduction/DehakaMurvarStructure
[WARN]: no default ResearchDehakaMutaliskRespawnOnDeath/DehakaMurvarStructure
[WARN]: no default ResearchDehakaRavasaurRange/DehakaGlevigStructure
[WARN]: no default ResearchDehakaRavasaurVSArmor/DehakaGlevigStructure
[WARN]: no default ResearchDehakaTyrannozorArmorAura/DehakaDakrunStructure
[WARN]: no default ResearchDehakaTyrannozorFanOfKnives/DehakaDakrunStructure
[WARN]: no default ResearchDehakaUltraliskBash/DehakaDakrunStructure
[WARN]: no default ResearchDehakaUltraliskCrashingCharge/DehakaDakrunStructure
[WARN]: no default ResearchDehakaUltraliskRegen/DehakaDakrunStructure
[WARN]: no default ResearchDisruptorCloak/RoboticsBay
[WARN]: no default ResearchDisruptorSecondExplosion/RoboticsBay
[WARN]: no default ResearchEMP/StarportTechLab
[WARN]: no default ResearchEngineeredExplosives/BarracksTechLab
[WARN]: no default ResearchEnhancedShockwaves/GhostAcademy
[WARN]: no default ResearchEvadeObserver/Observatory
[WARN]: no default ResearchFortifiedBunkers/EngineeringBay
[WARN]: no default ResearchGraviticBooster/Observatory
[WARN]: no default ResearchHHBomberNapalm/FusionCore
[WARN]: no default ResearchHHHellionDeathStim/HHMercCompound
[WARN]: no default ResearchHHMercStarportHangarBay/HHMercStarportUpgraded
[WARN]: no default ResearchHHReaperClusterBombs/HHMercCompound
[WARN]: no default ResearchHHReaperFlight/HHMercCompound
[WARN]: no default ResearchHHTacticalJumpCharges/StarportTechLab
[WARN]: no default ResearchHHWidowMineRangeAttack/HHMercCompound
[WARN]: no default ResearchHeavyInfestation/SICommandCenter
[WARN]: no default ResearchHydraliskStetmannDamage/HydraliskDenStetmann
[WARN]: no default ResearchHydraliskStetmannDamage/LurkerDenStetmann
[WARN]: no default ResearchHydraliskStetmannMovementSpeed/HydraliskDenStetmann
[WARN]: no default ResearchHydraliskStetmannMovementSpeed/LurkerDenStetmann
[WARN]: no default ResearchHydraliskStetmannRange/HydraliskDenStetmann
[WARN]: no default ResearchHydraliskStetmannRange/LurkerDenStetmann
[WARN]: no default ResearchImprovedSiegeMode/FactoryTechLab
[WARN]: no default ResearchImprovedSiegeMode/FactoryTechReactor
[WARN]: no default ResearchInfestedBunkerLifeRegen/SIEngineeringBay
[WARN]: no default ResearchInfestedSiegeTankArmoredDamage/SIFactoryTechLab
[WARN]: no default ResearchIonThrusters/FactoryTechLab
[WARN]: no default ResearchIrradiate/StarportTechLab
[WARN]: no default ResearchKhaydarinCore/ArbiterTribunal
[WARN]: no default ResearchKhaydarinGenerator/FleetBeacon
[WARN]: no default ResearchLocustNest/EvolutionChamber
[WARN]: no default ResearchLurkerRange/EvolutionChamber
[WARN]: no default ResearchLurkerStetmannTunnelingBurstRange/HydraliskDenStetmann
[WARN]: no default ResearchLurkerStetmannTunnelingBurstRange/LurkerDenStetmann
[WARN]: no default ResearchMagFieldLaunchers/FactoryTechLab
[WARN]: no default ResearchMarauderMagrailMunitions/BarracksTechLab
[WARN]: no default ResearchMarauderMagrailMunitions/BarracksTechReactor
[WARN]: no default ResearchMatrix/BarracksTechLab
[WARN]: no default ResearchNovaDetector/GhostAcademyNova
[WARN]: no default ResearchNovaLifeRegen/GhostAcademyNova
[WARN]: no default ResearchNovaShotgunBlastRange/GhostAcademyNova
[WARN]: no default ResearchNovaSnipeRefund/GhostAcademyNova
[WARN]: no default ResearchOverlordStetmannSpeed
[WARN]: no default ResearchOverlordStetmannVentralSacks
[WARN]: no default ResearchPiercingRockets/StarportTechLab
[WARN]: no default ResearchPlasmaCharge/RoboticsBay
[WARN]: no default ResearchRapidReignitionSystem/FusionCore
[WARN]: no default ResearchRapidReignitionSystem/StarportTechLab
[WARN]: no default ResearchRavenRecalibratedExplosives/StarportTechLab
[WARN]: no default ResearchRecall/ArbiterTribunal
[WARN]: no default ResearchSIBarracksTrainInfestedCivilianLevel2/SICivilianStructure
[WARN]: no default ResearchSILiberatorBecometheSwarm/SIStarportTechLab
[WARN]: no default ResearchSILiberatorImprovedAoeAttack/SIStarportTechLab
[WARN]: no default ResearchSIQueenEnergy/SIStarportTechLab
[WARN]: no default ResearchSIQueenFungalGrowth/SIStarportTechLab
[WARN]: no default ResearchSingularityCharge2/CyberneticsCore
[WARN]: no default ResearchSlicingGlave/DehakaMurvarStructure
[WARN]: no default ResearchSmartServos/FactoryTechLab
[WARN]: no default ResearchSpiderMines/FactoryTechLab
[WARN]: no default ResearchSpikeBurstRankOne/EvolutionChamber
[WARN]: no default ResearchStabRankOne/EvolutionChamber
[WARN]: no default ResearchStrikeCannons/FactoryTechReactor
[WARN]: no default ResearchStukovInfestedBansheeBurrowRegeneration/SIStarportTechLab
[WARN]: no default ResearchStukovInfestedBansheeInfestedLife/SIStarportTechLab
[WARN]: no default ResearchSunderingImpact/TwilightCouncil
[WARN]: no default ResearchSuperScience/StarportTechLab
[WARN]: no default ResearchTimeWarp/FleetBeacon
[WARN]: no default ResearchTitanReactor/StarportTechLab
[WARN]: no default ResearchTurboGripper/StarportTechLab
[WARN]: no default ResearchUltraliskStetmannBurrowChargeMechanicalStun/UltraliskCavernStetmann
[WARN]: no default ResearchZerglingStetmannAttackSpeed/SpawningPoolStetmann
[WARN]: no default ResearchZerglingStetmannHardenedShield/SpawningPoolStetmann
[WARN]: no default ResearchZerglingStetmannMovementSpeed/SpawningPoolStetmann
[WARN]: no default ReserachLurkerStetmannChannelingSpines/HydraliskDenStetmann
[WARN]: no default ReserachLurkerStetmannChannelingSpines/LurkerDenStetmann
[WARN]: no default ReserachUltraliskStetmannArmor/UltraliskCavernStetmann
[WARN]: no default ReserachUltraliskStetmannMechanicalLifeLeech/UltraliskCavernStetmann
[WARN]: no default Rift/KhaydarinNexus
[WARN]: no default Rift/Nexus
[WARN]: no default RoboticsBay/Harvester
[WARN]: no default RoboticsFacility/Harvester
[WARN]: no default RogueGhostCloak/Spectre
[WARN]: no default SCVMengsk
[WARN]: no default SCVMengskEnlist/TrooperMengsk
[WARN]: no default SCVMengskEnlistCC/BunkerDepotMengsk
[WARN]: no default SCVMengskEnlistCC/CommandCenterMengsk
[WARN]: no default SIArmory/SISCV
[WARN]: no default SIBanshee/SIStarport
[WARN]: no default SIBarracks/SISCV
[WARN]: no default SICivilianStructure/SISCV
[WARN]: no default SIClusterRockets/StukovApocalisk
[WARN]: no default SICommandCenter/SISCV
[WARN]: no default SIDiamondBack/SIFactory
[WARN]: no default SIEngineeringBay/SISCV
[WARN]: no default SIFactory/SISCV
[WARN]: no default SIInfestedBunker/SISCV
[WARN]: no default SIInfestedBunkerRoot/SIInfestedBunkerUprooted
[WARN]: no default SIInfestedBunkerSpawnInfestedMarine/SIInfestedBunker
[WARN]: no default SIInfestedBunkerUproot/SIInfestedBunker
[WARN]: no default SIInfestedCivilian/SICivilianStructure
[WARN]: no default SIInfestedCivilian/SICivilianStructureFlying
[WARN]: no default SIInfestedMarine/SIBarracks
[WARN]: no default SILiberator/SIStarport
[WARN]: no default SIMissileTurret/SISCV
[WARN]: no default SIOverlord/SICommandCenter
[WARN]: no default SIQueen
[WARN]: no default SIQueenFungalGrowth/SIQueen
[WARN]: no default SIRefinery/SISCV
[WARN]: no default SIRoot/SIBarracksFlying
[WARN]: no default SIRoot/SICivilianStructureFlying
[WARN]: no default SIRoot/SICommandCenterFlying
[WARN]: no default SIRoot/SIFactory
[WARN]: no default SIRoot/SIMissileTurretFlying
[WARN]: no default SIRoot/SIStarportFlying
[WARN]: no default SISCV
[WARN]: no default SISiegeTank/SIFactory
[WARN]: no default SIStarport/SISCV
[WARN]: no default SITechLabBarracks/SIBarracks
[WARN]: no default SITechLabBarracks/SIBarracksFlying
[WARN]: no default SITechLabFactory/SIFactory
[WARN]: no default SITechLabStarport/SIStarport
[WARN]: no default SIUproot/SIBarracks
[WARN]: no default SIUproot/SICivilianStructure
[WARN]: no default SIUproot/SICommandCenter
[WARN]: no default SIUproot/SIFactory
[WARN]: no default SIUproot/SIMissileTurret
[WARN]: no default SIUproot/SIStarport
[WARN]: no default SJHyperionBlink/Battlecruiser
[WARN]: no default Salvage/ArtilleryMengsk
[WARN]: no default Salvage/MissileTurretMengsk
[WARN]: no default Salvage/NovaACLaserTurret
[WARN]: no default Salvage/SIMissileTurret
[WARN]: no default Salvage/SIMissileTurretFlying
[WARN]: no default Salvage/TychusSCVAutoTurret
[WARN]: no default SentryZeratul/ZeratulGateway
[WARN]: no default SiegeModeMengsk
[WARN]: no default SiegeTankMengsk/FactoryMengsk
[WARN]: no default SiegeTank_BlackOpsSiege
[WARN]: no default SiegeTank_BlackOpsUnsiege
[WARN]: no default SlivanPuke/Devourer
[WARN]: no default Snipe/NovaStoneHeroic
[WARN]: no default Snipe_BlackOps/Ghost_BlackOps
[WARN]: no default SpawnBanelings/K5Kerrigan
[WARN]: no default SpawningPoolStetmann/Drone
[WARN]: no default SpawningPoolStetmann/DroneStetmann
[WARN]: no default SpineCrawlerStetmann/Drone
[WARN]: no default SpineCrawlerUproot/SpineCrawlerUprooted
[WARN]: no default SpineCrawlerUprootStetmann/SpineCrawlerStetmann
[WARN]: no default SpireStetmann/Drone
[WARN]: no default SpireStetmann/DroneStetmann
[WARN]: no default SporeCrawlerStetmann/Drone
[WARN]: no default SporeCrawlerStetmann/DroneStetmann
[WARN]: no default SporeCrawlerUproot/SporeCrawlerUprooted
[WARN]: no default SporeCrawlerUprootStetmann/SporeCrawlerStetmann
[WARN]: no default StalkerHallucination/Nexus
[WARN]: no default StalkerZeratul/ZeratulGateway
[WARN]: no default Stargate/Harvester
[WARN]: no default StarportMengsk/SCVMengsk
[WARN]: no default StasisField/Arbiter
[WARN]: no default StasisField/ArbiterTribunal
[WARN]: no default StructureArmorMengsk/EngineeringBayMengsk
[WARN]: no default StukovInfestedDiamondbackSnare/StukovInfestedDiamondBack
[WARN]: no default StukovInfestedSiegeTankDeepTunnel/StukovInfestedSiegeTank
[WARN]: no default StukovInfestedSiegeTankRoot/StukovInfestedSiegeTank
[WARN]: no default StukovInfestedSiegeTankUproot/StukovInfestedSiegeTank
[WARN]: no default Summon2DragoonHallucinations/Sentry
[WARN]: no default Summon2DragoonHallucinations/Voranor
[WARN]: no default Summon2ScoutHallucinations/Sentry
[WARN]: no default Summon2ScoutHallucinations/Voranor
[WARN]: no default SuperStimpackStone
[WARN]: no default SupplyDepot/HHSCV
[WARN]: no default SupplyDepotDrop/SCV
[WARN]: no default SwarmHostMP/LarvaStetmann
[WARN]: no default SwarmHostRoot/SwarmHost
[WARN]: no default SwarmHostRoot/SwarmHostSplitA
[WARN]: no default SwarmHostRoot/SwarmHostSplitB
[WARN]: no default SwarmHostUproot/SwarmHostRooted
[WARN]: no default SwarmHostUproot/SwarmHostSplitARooted
[WARN]: no default SwarmHostUproot/SwarmHostSplitBRooted
[WARN]: no default SwarmHostUprootUnburrow/SwarmHostBurrowed
[WARN]: no default SwarmHostUprootUnburrow/SwarmHostSplitABurrowed
[WARN]: no default SwarmHostUprootUnburrow/SwarmHostSplitBBurrowed
[WARN]: no default SwarmQueenCorpser/SwarmQueen
[WARN]: no default SwarmQueenHydraliskImpaler/LargeSwarmQueen
[WARN]: no default SwarmQueenHydraliskImpaler/SwarmQueen
[WARN]: no default SwarmQueenHydraliskLurker/LargeSwarmQueen
[WARN]: no default SwarmQueenHydraliskLurker/SwarmQueen
[WARN]: no default SwarmQueenVile/SwarmQueen
[WARN]: no default TechReactor/Barracks
[WARN]: no default TechReactor/Factory
[WARN]: no default TechReactor/Starport
[WARN]: no default TemplarArchive/Harvester
[WARN]: no default TerranBuild
[WARN]: no default TerranBuild/HHSCV
[WARN]: no default TerranBuild/SCVMengsk
[WARN]: no default TerranBuild/SISCV
[WARN]: no default TerranBuild/TychusSCV
[WARN]: no default TerranBuildAdvanced
[WARN]: no default TerranBuildAdvanced/HHSCV
[WARN]: no default TerranBuildAdvanced/SCVMengsk
[WARN]: no default TerranBuildAdvanced/SISCV
[WARN]: no default TerranInfantryArmorLevel1/SIEngineeringBay
[WARN]: no default ThorMengsk/FactoryMengsk
[WARN]: no default ThorMengskArmorAuraResearch/ArmoryMengsk
[WARN]: no default ThorMengskSiege/ThorMengsk
[WARN]: no default ThorMengskUnsiege/ThorMengsk
[WARN]: no default TimeWarpSentinel/Oracle
[WARN]: no default ToxicNestExplode/ToxicNest
[WARN]: no default TrainHHBomber/HHBomberPlatform
[WARN]: no default Transfusion/BroodMother
[WARN]: no default Transfusion/Queen2
[WARN]: no default TransportMode/WarpPrismTaldarim
[WARN]: no default TransportMode/ZeratulWarpPrismPhasing
[WARN]: no default TrooperMengsk/CommandCenterMengsk
[WARN]: no default TrooperMengskBuild/TrooperMengsk
[WARN]: no default TrooperMengskDropTrainResearch/EngineeringBayMengsk
[WARN]: no default TrooperMengskEnlist/SCVMengsk
[WARN]: no default TrooperMengskEnlistCC/BunkerDepotMengsk
[WARN]: no default TrooperMengskEnlistCC/CommandCenterMengsk
[WARN]: no default TrooperMengskSpecializeAA/TrooperMengsk
[WARN]: no default TrooperMengskSpecializeImproved/TrooperMengsk
[WARN]: no default TwilightCouncil/Harvester
[WARN]: no default TychusACBandofBrothersLearn/TychusMercCompound
[WARN]: no default TychusACHero/TychusResearchCenter
[WARN]: no default TychusACImplosionGrenadesLearn/TychusMercCompound
[WARN]: no default TychusACPiercingRoundsLearn/TychusMercCompound
[WARN]: no default TychusACRageGrenadesLearn/TychusMercCompound
[WARN]: no default TychusArmory/TychusSCV
[WARN]: no default TychusCommandCenter/TychusSCV
[WARN]: no default TychusEngineeringBay/TychusSCV
[WARN]: no default TychusFirebat/TychusResearchCenter
[WARN]: no default TychusFirebatBlueFlameOilLearn/TychusArmory
[WARN]: no default TychusFirebatIncendiaryPetroleumLearn/TychusArmory
[WARN]: no default TychusFirebatPremiumPetroleumLearn/TychusArmory
[WARN]: no default TychusFirebatShieldLearn/TychusArmory
[WARN]: no default TychusGhost/TychusResearchCenter
[WARN]: no default TychusGhostAcademy/TychusSCV
[WARN]: no default TychusGhostConcentrationHelmetLearn/TychusGhostAcademy
[WARN]: no default TychusGhostConfusingDominationLearn/TychusGhostAcademy
[WARN]: no default TychusGhostDominateBuffLearn/TychusGhostAcademy
[WARN]: no default TychusGhostPsychicSnare/TychusGhost
[WARN]: no default TychusGhostPsychicSnareLearn/TychusGhostAcademy
[WARN]: no default TychusHERC/TychusResearchCenter
[WARN]: no default TychusHercCrit/TychusArmory
[WARN]: no default TychusHercGrappleArmor/TychusArmory
[WARN]: no default TychusHercGrappleImpacts/TychusArmory
[WARN]: no default TychusHercRageLearn/TychusArmory
[WARN]: no default TychusHeroCommonAbil1
[WARN]: no default TychusHeroCommonAbil2
[WARN]: no default TychusHeroCommonAbil5
[WARN]: no default TychusMarauder/TychusResearchCenter
[WARN]: no default TychusMarauderAttackSplashLearn/TychusArmory
[WARN]: no default TychusMarauderHealingWardBuffLearn/TychusArmory
[WARN]: no default TychusMarauderHealingWardSpeedBuffLearn/TychusArmory
[WARN]: no default TychusMarauderSuperStim/TychusMarauder
[WARN]: no default TychusMarauderSuperStimLearn/TychusArmory
[WARN]: no default TychusMedic/TychusResearchCenter
[WARN]: no default TychusMedicDefensiveMatrix/TychusMedic
[WARN]: no default TychusMedicDefensiveMatrixLearn/TychusGhostAcademy
[WARN]: no default TychusMedicDoubleHealLearn/TychusGhostAcademy
[WARN]: no default TychusMedicHeal/TychusMedic
[WARN]: no default TychusMedicHealUpgrade/TychusGhostAcademy
[WARN]: no default TychusMedicHealingSprayUpgrade/TychusGhostAcademy
[WARN]: no default TychusMedicTransportUnits/TychusMedivacPlatform
[WARN]: no default TychusOdinRedButton/TychusOdin
[WARN]: no default TychusOutlawArmorLevel1/TychusEngineeringBay
[WARN]: no default TychusOutlawWeaponsLevel1/TychusEngineeringBay
[WARN]: no default TychusReaper/TychusResearchCenter
[WARN]: no default TychusReaperBombChargesLearn/TychusMercCompound
[WARN]: no default TychusReaperBombDamageLearn/TychusMercCompound
[WARN]: no default TychusReaperBombStunLearn/TychusMercCompound
[WARN]: no default TychusReaperEvasionBuff/TychusReaper
[WARN]: no default TychusReaperEvasionLearn/TychusMercCompound
[WARN]: no default TychusRefinery/TychusSCV
[WARN]: no default TychusSCV/TychusCommandCenter
[WARN]: no default TychusSCVAutoTurret/TychusSCV
[WARN]: no default TychusSpectre/TychusResearchCenter
[WARN]: no default TychusSpectreBrillianceAuraLearn/TychusGhostAcademy
[WARN]: no default TychusSpectreExtendedPulseGunLearn/TychusGhostAcademy
[WARN]: no default TychusSpectreSuperUltrasonicPulseLearn/TychusGhostAcademy
[WARN]: no default TychusSpectreVisionSuitLearn/TychusGhostAcademy
[WARN]: no default TychusSquadAttackSpeed/TychusEngineeringBay
[WARN]: no default TychusUpgradeOdinRedButton/TychusEngineeringBay
[WARN]: no default TychusWarhound/TychusResearchCenter
[WARN]: no default TychusWarhoundDeathExplosionUpgrade/TychusMercCompound
[WARN]: no default TychusWarhoundFearUpgrade/TychusMercCompound
[WARN]: no default TychusWarhoundHaywireMissiles/TychusWarhound
[WARN]: no default TychusWarhoundHaywireMissilesUpgrade/TychusMercCompound
[WARN]: no default TychusWarhoundTurretHaywireMissiles/TychusWarhoundAutoTurret
[WARN]: no default TychusWarhoundTurretUpgrade/TychusMercCompound
[WARN]: no default Ultralisk/LarvaStetmann
[WARN]: no default UltraliskCavernStetmann/Drone
[WARN]: no default UltraliskCavernStetmann/DroneStetmann
[WARN]: no default UltraliskStetmann/LarvaStetmann
[WARN]: no default UltraliskStetmannBurrowCharge/UltraliskStetmann
[WARN]: no default UltraliskStetmannRespawn/UltraliskCavernStetmann
[WARN]: no default UnsiegeMengsk/SiegeTankMengsk
[WARN]: no default UpgradeLIDARTransmitter/EngineeringBay
[WARN]: no default UpgradewithKhaydarinCore/Nexus
[WARN]: no default UseSpiderMine/Vulture
[WARN]: no default VikingMengskFighter/StarportMengsk
[WARN]: no default VoidRay/SOAMothershipv4
[WARN]: no default VoidRayHallucination/Nexus
[WARN]: no default VoidRayHallucination/Voranor
[WARN]: no default VoidSentryMobileMode/SentryFenix
[WARN]: no default VoidSentryShieldRepair/ZeratulSentry
[WARN]: no default VoidSwarmHostSpawnLocust/SwarmHostMP
[WARN]: no default VoodooShield/Immortal
[WARN]: no default WarpInCorsair/Stargate
[WARN]: no default WarpInReaver/RoboticsFacility
[WARN]: no default WarpInShuttle/RoboticsFacility
[WARN]: no default WarpInZeratulWarpPrism/ZeratulRoboticsFacility
[WARN]: no default WarpPrismHallucination/Nexus
[WARN]: no default WarpPrismHallucination/Voranor
[WARN]: no default WarpPrismLoad
[WARN]: no default WarpinArbiterTribunal/Probe
[WARN]: no default WarpinDragoon/Gateway
[WARN]: no default WarpinObservatory/Probe
[WARN]: no default WeaponsFree/Ghost_BlackOps
[WARN]: no default WeaponsFree/NovaCoop
[WARN]: no default WeaponsFree/NovaStoneHeroic
[WARN]: no default WeaponsFreeMengsk/GhostMengsk
[WARN]: no default WidowMineBurrow/HHWidowMine
[WARN]: no default WidowMineBurrow/MutatorWidowMine
[WARN]: no default WidowMineUnburrow/HHWidowMine
[WARN]: no default WormholeTransit/Predator
[WARN]: no default WraithCloakOff/HHWraith
[WARN]: no default WraithCloakOn/HHWraith
[WARN]: no default YamatoGunMengsk
[WARN]: no default ZealotHallucination/Nexus
[WARN]: no default ZealotHallucination/Voranor
[WARN]: no default ZeratulBlink/ZeratulCoop
[WARN]: no default ZeratulObserver/ZeratulRoboticsFacility
[WARN]: no default ZeratulPurificationNovaTargeted/ZeratulDisruptor
[WARN]: no default ZeratulReflectionShield/ZeratulSentry
[WARN]: no default ZeratulStructureBarrier/ZeratulKhaydarinMonolith
[WARN]: no default ZeratulStructureBarrier/ZeratulPhotonCannon
[WARN]: no default ZeratulSummonVoidSeeker/ZeratulCoop
[WARN]: no default ZeratulWarpPrismAutoUnloadOn/ZeratulWarpPrismPhasing
[WARN]: no default ZeratulWarpPrismSelectVoidRift
[WARN]: no default ZeratulWarpPrismUnload/ZeratulWarpPrismPhasing
[WARN]: no default ZeratulWarpinDisruptor/ZeratulRoboticsFacility
[WARN]: no default ZeratulXelNagaConstructDevolve/ZeratulXelNagaConstruct
[WARN]: no default ZeratulXelNagaConstructPsiBlast/ZeratulXelNagaConstructCyan
[WARN]: no default ZeratulXelNagaConstructPsiStorm/ZeratulXelNagaConstructCyan
[WARN]: no default ZergBuild/DroneStetmann
[WARN]: no default ZergBuildAdvanced/DroneStetmann
[WARN]: no default ZergFlyerArmorStetmann1
[WARN]: no default ZergFlyerAttackStetmann1
[WARN]: no default ZergGroundArmorStetmann1/EvolutionChamberStetmann
[WARN]: no default ZergMeleeWeaponsStetmann1/EvolutionChamberStetmann
[WARN]: no default ZergMissileWeaponsStetmann1/EvolutionChamberStetmann
[WARN]: no default Zergling/LarvaStetmann
[WARN]: no default ZerglingStetmann/LarvaStetmann
[WARN]: no default ZerglingStetmannRespawn/SpawningPoolStetmann
[WARN]: no default CommanderPrestigeZagaraMaxSupplyScourgeSpawn/ScourgeNest
[WARN]: no default DehakaAirAttackUpgrade/DehakaCoopClone
[WARN]: no default LearnDehakaArmorUpgrade/DehakaCoopClone
[WARN]: no default ZeratulKhaydarinMonolithWarp/ZeratulKhaydarinMonolith
[WARN]: no default ZeratulPhaseCannonProjectionPassive/ZeratulPhotonCannon
----------------------------
Finished (Check defaults) - WARNs: 838 ERRORs: 0 
============================